mktextfm Junicode
mktextfm Junicode
mktextfm Junicode
mktextfm Junicode/BI
mktextfm Junicode
mktextfm Junicode/B
mktextfm Junicode
mktextfm Junicode/I
mktextfm Junicode
mktextfm Junicode
mktextfm Junicode
mktextfm Junicode
mktextfm Junicode
mktextfm Junicode/BI
mktextfm Junicode
mktextfm Junicode/B
mktextfm Junicode
mktextfm Junicode/I
mktextfm Junicode
mktextfm Junicode
mktextfm Junicode
mktextfm Junicode/OT
mktextfm Junicode/OT
mktextfm Junicode/OT
mktextfm Junicode/B/OT
mktextfm Junicode/OT
mktextfm Junicode/OT
mktextfm Junicode/OT
mktextfm Junicode/OT
mktextfm Junicode/OT
mktextfm Junicode/OT
mktextfm Junicode/B/OT
mktextfm Junicode/OT
mktextfm Junicode/OT
mktextfm Junicode/OT
mktextfm Junicode/OT
mktextfm Junicode/OT
mktextfm Junicode
mktextfm Junicode
mktextfm Junicode
